(N) 2026-03-29T07:13:24 - qBittorrent v5.1.4 started. Process ID: 150
(N) 2026-03-29T07:13:24 - Using config directory: /config/qBittorrent
(N) 2026-03-29T07:13:24 - Trying to listen on the following list of IP addresses: "0.0.0.0:9854,[::]:9854"
(I) 2026-03-29T07:13:24 - Peer ID: "-qB5140-"
(I) 2026-03-29T07:13:24 - HTTP User-Agent: "qBittorrent/5.1.4"
(I) 2026-03-29T07:13:24 - Distributed Hash Table (DHT) support: ON
(I) 2026-03-29T07:13:24 - Local Peer Discovery support: ON
(I) 2026-03-29T07:13:24 - Peer Exchange (PeX) support: ON
(I) 2026-03-29T07:13:24 - Anonymous mode: OFF
(I) 2026-03-29T07:13:24 - Encryption support: ON
(I) 2026-03-29T07:13:24 - Successfully listening on IP. IP: "127.0.0.1". Port: "TCP/9854"
(I) 2026-03-29T07:13:24 - Successfully listening on IP. IP: "127.0.0.1". Port: "UTP/9854"
(I) 2026-03-29T07:13:24 - Successfully listening on IP. IP: "172.23.0.2". Port: "TCP/9854"
(I) 2026-03-29T07:13:24 - Successfully listening on IP. IP: "172.23.0.2". Port: "UTP/9854"
(I) 2026-03-29T07:13:24 - Successfully listening on IP. IP: "::1". Port: "TCP/9854"
(I) 2026-03-29T07:13:24 - Successfully listening on IP. IP: "::1". Port: "UTP/9854"
(W) 2026-03-29T07:13:24 - Couldn't load IP geolocation database. Reason: No such file or directory
(N) 2026-03-29T07:13:24 - Using built-in WebUI.
(W) 2026-03-29T07:13:24 - Couldn't load WebUI translation for selected locale (C).
(N) 2026-03-29T07:13:24 - WebUI: Now listening on IP: *, port: 8090
(I) 2026-03-29T07:13:24 - Detected external IP. IP: "86.242.36.131"
(I) 2026-03-29T07:13:25 - IP geolocation database loaded. Type: DBIP-Country-Lite. Build time: Sun Mar 1 03:42:44 2026.
(I) 2026-03-29T07:13:25 - Successfully updated IP geolocation database.
(N) 2026-03-29T07:14:09 - WebAPI login success. IP: ::ffff:172.23.0.1
(I) 2026-03-29T07:14:33 - Found Python executable. Name: "python3". Version: "3.12.12"
(I) 2026-03-29T07:15:08 - Plugin "eztv" is outdated, updating to version 1.23
(I) 2026-03-29T07:15:08 - Plugin "jackett" is outdated, updating to version 4.9
(I) 2026-03-29T07:15:08 - Plugin "limetorrents" is outdated, updating to version 4.14
(I) 2026-03-29T07:15:08 - Plugin "piratebay" is outdated, updating to version 3.9
(I) 2026-03-29T07:15:08 - Plugin "solidtorrents" is outdated, updating to version 2.8
(I) 2026-03-29T07:15:08 - Plugin "torlock" is outdated, updating to version 2.28
(I) 2026-03-29T07:15:08 - Plugin "torrentproject" is outdated, updating to version 1.91
(I) 2026-03-29T07:15:08 - Plugin "torrentscsv" is outdated, updating to version 1.8
(I) 2026-03-29T07:15:08 - Updating 8 plugins
(I) 2026-03-29T07:15:08 - Updating plugin torrentproject
(I) 2026-03-29T07:15:08 - Updating plugin piratebay
(I) 2026-03-29T07:15:08 - Updating plugin limetorrents
(I) 2026-03-29T07:15:08 - Updating plugin torrentscsv
(I) 2026-03-29T07:15:08 - Updating plugin torlock
(I) 2026-03-29T07:15:08 - Updating plugin jackett
(I) 2026-03-29T07:15:08 - Updating plugin solidtorrents
(I) 2026-03-29T07:15:08 - Updating plugin eztv
(I) 2026-03-29T07:15:15 - All plugins are already up to date.
(I) 2026-03-29T07:15:15 - All plugins are already up to date.
(N) 2026-03-29T07:16:05 - qBittorrent termination initiated
(N) 2026-03-29T07:16:05 - Saving resume data completed.
(N) 2026-03-29T07:16:05 - BitTorrent session successfully finished.
(N) 2026-03-29T07:16:05 - qBittorrent is now ready to exit
(N) 2026-03-29T07:16:11 - qBittorrent v5.1.4 started. Process ID: 146
(N) 2026-03-29T07:16:11 - Using config directory: /config/qBittorrent
(N) 2026-03-29T07:16:11 - Trying to listen on the following list of IP addresses: "0.0.0.0:9854,[::]:9854"
(I) 2026-03-29T07:16:11 - Peer ID: "-qB5140-"
(I) 2026-03-29T07:16:11 - HTTP User-Agent: "qBittorrent/5.1.4"
(I) 2026-03-29T07:16:11 - Distributed Hash Table (DHT) support: ON
(I) 2026-03-29T07:16:11 - Local Peer Discovery support: ON
(I) 2026-03-29T07:16:11 - Peer Exchange (PeX) support: ON
(I) 2026-03-29T07:16:11 - Anonymous mode: OFF
(I) 2026-03-29T07:16:11 - Encryption support: ON
(I) 2026-03-29T07:16:11 - Successfully listening on IP. IP: "127.0.0.1". Port: "TCP/9854"
(I) 2026-03-29T07:16:11 - Successfully listening on IP. IP: "127.0.0.1". Port: "UTP/9854"
(I) 2026-03-29T07:16:11 - Successfully listening on IP. IP: "172.23.0.2". Port: "TCP/9854"
(I) 2026-03-29T07:16:11 - Successfully listening on IP. IP: "172.23.0.2". Port: "UTP/9854"
(I) 2026-03-29T07:16:11 - Successfully listening on IP. IP: "::1". Port: "TCP/9854"
(I) 2026-03-29T07:16:11 - Successfully listening on IP. IP: "::1". Port: "UTP/9854"
(I) 2026-03-29T07:16:11 - IP geolocation database loaded. Type: DBIP-Country-Lite. Build time: Sun Mar 1 03:42:44 2026.
(N) 2026-03-29T07:16:12 - Using built-in WebUI.
(W) 2026-03-29T07:16:12 - Couldn't load WebUI translation for selected locale (C).
(N) 2026-03-29T07:16:12 - WebUI: Now listening on IP: *, port: 8090
(I) 2026-03-29T07:16:12 - Detected external IP. IP: "86.242.36.131"
(W) 2026-03-29T07:16:31 - WebAPI login failure. Reason: invalid credentials, attempt count: 1, IP: ::ffff:172.23.0.1, username: admin
(N) 2026-03-29T07:16:50 - WebAPI login success. IP: ::ffff:172.23.0.1
(I) 2026-03-29T07:16:51 - Found Python executable. Name: "python3". Version: "3.12.12"
(N) 2026-03-29T07:17:42 - WebUI translation for selected locale (en) has been successfully loaded.
(N) 2026-03-29T07:19:42 - Added new torrent. Torrent: "Jean Valjean 2026"
(W) 2026-03-29T07:19:44 - File error alert. Torrent: "Jean Valjean 2026". File: "/downloads/55 giorni a Pechino-55 days at Peking (1963) ITA-ENG Ac3 5.1 BDRip 1080p H264 [ArMor]/55 giorni a Pechino-55 days at Peking (1963) ITA-ENG Ac3 5.1 BDRip 1080p H264 [ArMor].mkv". Reason: "55 giorni a Pechino-55 days at Peking (1963) ITA-ENG Ac3 5.1 BDRip 1080p H264 [ArMor] file_open (/downloads/55 giorni a Pechino-55 days at Peking (1963) ITA-ENG Ac3 5.1 BDRip 1080p H264 [ArMor]/55 giorni a Pechino-55 days at Peking (1963) ITA-ENG Ac3 5.1 BDRip 1080p H264 [ArMor].mkv) error: Permission denied"
(W) 2026-03-29T07:20:14 - File error alert. Torrent: "Jean Valjean 2026". File: "/downloads/55 giorni a Pechino-55 days at Peking (1963) ITA-ENG Ac3 5.1 BDRip 1080p H264 [ArMor]/55 giorni a Pechino-55 days at Peking (1963) ITA-ENG Ac3 5.1 BDRip 1080p H264 [ArMor].mkv". Reason: "55 giorni a Pechino-55 days at Peking (1963) ITA-ENG Ac3 5.1 BDRip 1080p H264 [ArMor] file_open (/downloads/55 giorni a Pechino-55 days at Peking (1963) ITA-ENG Ac3 5.1 BDRip 1080p H264 [ArMor]/55 giorni a Pechino-55 days at Peking (1963) ITA-ENG Ac3 5.1 BDRip 1080p H264 [ArMor].mkv) error: Permission denied"
(W) 2026-03-29T07:30:14 - File error alert. Torrent: "Jean Valjean 2026". File: "/downloads/55 giorni a Pechino-55 days at Peking (1963) ITA-ENG Ac3 5.1 BDRip 1080p H264 [ArMor]/55 giorni a Pechino-55 days at Peking (1963) ITA-ENG Ac3 5.1 BDRip 1080p H264 [ArMor].mkv". Reason: "55 giorni a Pechino-55 days at Peking (1963) ITA-ENG Ac3 5.1 BDRip 1080p H264 [ArMor] file_open (/downloads/55 giorni a Pechino-55 days at Peking (1963) ITA-ENG Ac3 5.1 BDRip 1080p H264 [ArMor]/55 giorni a Pechino-55 days at Peking (1963) ITA-ENG Ac3 5.1 BDRip 1080p H264 [ArMor].mkv) error: Permission denied"
(N) 2026-03-29T07:30:31 - Added new torrent. Torrent: "I, Robot (2004) 1080p BluRay x264 YTS YIFY"
(W) 2026-03-29T07:30:33 - File error alert. Torrent: "I, Robot (2004) 1080p BluRay x264 YTS YIFY". File: "/downloads/I Robot (2004) [1080p]/I.Robot.2004.1080p.BrRip.x264.YIFY.mp4". Reason: "I Robot (2004) [1080p] file_open (/downloads/I Robot (2004) [1080p]/I.Robot.2004.1080p.BrRip.x264.YIFY.mp4) error: Permission denied"
(W) 2026-03-29T07:31:13 - File error alert. Torrent: "I, Robot (2004) 1080p BluRay x264 YTS YIFY". File: "/downloads/I Robot (2004) [1080p]/I.Robot.2004.1080p.BrRip.x264.YIFY.mp4". Reason: "I Robot (2004) [1080p] file_open (/downloads/I Robot (2004) [1080p]/I.Robot.2004.1080p.BrRip.x264.YIFY.mp4) error: Permission denied"
(N) 2026-03-29T07:34:04 - Added new torrent. Torrent: "movie_33463_data"
(W) 2026-03-29T07:34:07 - File error alert. Torrent: "movie_33463_data". File: "/downloads/movie_33463_data/movie_33463.xmpeg". Reason: "movie_33463_data file_open (/downloads/movie_33463_data/movie_33463.xmpeg) error: Permission denied"
(N) 2026-03-29T07:34:41 - Torrent stopped. Torrent: "movie_33463_data"
(N) 2026-03-29T07:34:49 - Torrent removed. Torrent: "movie_33463_data"
(N) 2026-03-29T07:34:49 - Torrent content removed. Torrent: "movie_33463_data"
(N) 2026-03-29T07:38:37 - qBittorrent termination initiated
(N) 2026-03-29T07:38:37 - Saving resume data completed.
